
> aichatsite@0.1.0 test
> react-scripts test --coverage

PASS src/App.test.js
  ✓ renders learn react link (34 ms)

--------------------|---------|----------|---------|---------|-------------------
File                | % Stmts | % Branch | % Funcs | % Lines | Uncovered Line #s 
--------------------|---------|----------|---------|---------|-------------------
All files           |    8.33 |        0 |   33.33 |    8.33 |                   
 App.js             |     100 |      100 |     100 |     100 |                   
 index.js           |       0 |      100 |     100 |       0 | 7-17              
 reportWebVitals.js |       0 |        0 |       0 |       0 | 1-8               
--------------------|---------|----------|---------|---------|-------------------
Test Suites: 1 passed, 1 total
Tests:       1 passed, 1 total
Snapshots:   0 total
Time:        1.883 s
Ran all test suites.
